<?xml version="1.0" encoding="UTF-8"?>
<testsuite xmlns:xsi="http://www.w3.org/2001/XMLSchema-instance" xsi:noNamespaceSchemaLocation="https://maven.apache.org/surefire/maven-surefire-plugin/xsd/surefire-test-report.xsd" name="es.codeurjc.ais.nitflex.film.FilmServiceTest" time="0.192" tests="3" errors="0" skipped="0" failures="0">
  <properties>
    <property name="java.specification.version" value="15"/>
    <property name="sun.cpu.isalist" value="amd64"/>
    <property name="sun.jnu.encoding" value="Cp1252"/>
    <property name="java.class.path" value="C:\Clases\Alejandro\AIS-Practica-1-2022-enunciado\target\test-classes;C:\Clases\Alejandro\AIS-Practica-1-2022-enunciado\target\classes;C:\DevelopmentEnvironment\m2\classes\org\springframework\boot\spring-boot-starter-web\2.6.3\spring-boot-starter-web-2.6.3.jar;C:\DevelopmentEnvironment\m2\classes\org\springframework\boot\spring-boot-starter\2.6.3\spring-boot-starter-2.6.3.jar;C:\DevelopmentEnvironment\m2\classes\org\springframework\boot\spring-boot-starter-logging\2.6.3\spring-boot-starter-logging-2.6.3.jar;C:\DevelopmentEnvironment\m2\classes\ch\qos\logback\logback-classic\1.2.10\logback-classic-1.2.10.jar;C:\DevelopmentEnvironment\m2\classes\ch\qos\logback\logback-core\1.2.10\logback-core-1.2.10.jar;C:\DevelopmentEnvironment\m2\classes\org\apache\logging\log4j\log4j-to-slf4j\2.17.1\log4j-to-slf4j-2.17.1.jar;C:\DevelopmentEnvironment\m2\classes\org\apache\logging\log4j\log4j-api\2.17.1\log4j-api-2.17.1.jar;C:\DevelopmentEnvironment\m2\classes\org\slf4j\jul-to-slf4j\1.7.33\jul-to-slf4j-1.7.33.jar;C:\DevelopmentEnvironment\m2\classes\jakarta\annotation\jakarta.annotation-api\1.3.5\jakarta.annotation-api-1.3.5.jar;C:\DevelopmentEnvironment\m2\classes\org\yaml\snakeyaml\1.29\snakeyaml-1.29.jar;C:\DevelopmentEnvironment\m2\classes\org\springframework\boot\spring-boot-starter-json\2.6.3\spring-boot-starter-json-2.6.3.jar;C:\DevelopmentEnvironment\m2\classes\com\fasterxml\jackson\core\jackson-databind\2.13.1\jackson-databind-2.13.1.jar;C:\DevelopmentEnvironment\m2\classes\com\fasterxml\jackson\core\jackson-annotations\2.13.1\jackson-annotations-2.13.1.jar;C:\DevelopmentEnvironment\m2\classes\com\fasterxml\jackson\core\jackson-core\2.13.1\jackson-core-2.13.1.jar;C:\DevelopmentEnvironment\m2\classes\com\fasterxml\jackson\datatype\jackson-datatype-jdk8\2.13.1\jackson-datatype-jdk8-2.13.1.jar;C:\DevelopmentEnvironment\m2\classes\com\fasterxml\jackson\datatype\jackson-datatype-jsr310\2.13.1\jackson-datatype-jsr310-2.13.1.jar;C:\DevelopmentEnvironment\m2\classes\com\fasterxml\jackson\module\jackson-module-parameter-names\2.13.1\jackson-module-parameter-names-2.13.1.jar;C:\DevelopmentEnvironment\m2\classes\org\springframework\boot\spring-boot-starter-tomcat\2.6.3\spring-boot-starter-tomcat-2.6.3.jar;C:\DevelopmentEnvironment\m2\classes\org\apache\tomcat\embed\tomcat-embed-core\9.0.56\tomcat-embed-core-9.0.56.jar;C:\DevelopmentEnvironment\m2\classes\org\apache\tomcat\embed\tomcat-embed-el\9.0.56\tomcat-embed-el-9.0.56.jar;C:\DevelopmentEnvironment\m2\classes\org\apache\tomcat\embed\tomcat-embed-websocket\9.0.56\tomcat-embed-websocket-9.0.56.jar;C:\DevelopmentEnvironment\m2\classes\org\springframework\spring-web\5.3.15\spring-web-5.3.15.jar;C:\DevelopmentEnvironment\m2\classes\org\springframework\spring-beans\5.3.15\spring-beans-5.3.15.jar;C:\DevelopmentEnvironment\m2\classes\org\springframework\spring-webmvc\5.3.15\spring-webmvc-5.3.15.jar;C:\DevelopmentEnvironment\m2\classes\org\springframework\spring-aop\5.3.15\spring-aop-5.3.15.jar;C:\DevelopmentEnvironment\m2\classes\org\springframework\spring-context\5.3.15\spring-context-5.3.15.jar;C:\DevelopmentEnvironment\m2\classes\org\springframework\spring-expression\5.3.15\spring-expression-5.3.15.jar;C:\DevelopmentEnvironment\m2\classes\org\springframework\boot\spring-boot-starter-mustache\2.6.3\spring-boot-starter-mustache-2.6.3.jar;C:\DevelopmentEnvironment\m2\classes\com\samskivert\jmustache\1.15\jmustache-1.15.jar;C:\DevelopmentEnvironment\m2\classes\org\springframework\boot\spring-boot-devtools\2.6.3\spring-boot-devtools-2.6.3.jar;C:\DevelopmentEnvironment\m2\classes\org\springframework\boot\spring-boot\2.6.3\spring-boot-2.6.3.jar;C:\DevelopmentEnvironment\m2\classes\org\springframework\boot\spring-boot-autoconfigure\2.6.3\spring-boot-autoconfigure-2.6.3.jar;C:\DevelopmentEnvironment\m2\classes\org\springframework\boot\spring-boot-starter-data-jpa\2.6.3\spring-boot-starter-data-jpa-2.6.3.jar;C:\DevelopmentEnvironment\m2\classes\org\springframework\boot\spring-boot-starter-aop\2.6.3\spring-boot-starter-aop-2.6.3.jar;C:\DevelopmentEnvironment\m2\classes\org\aspectj\aspectjweaver\1.9.7\aspectjweaver-1.9.7.jar;C:\DevelopmentEnvironment\m2\classes\org\springframework\boot\spring-boot-starter-jdbc\2.6.3\spring-boot-starter-jdbc-2.6.3.jar;C:\DevelopmentEnvironment\m2\classes\com\zaxxer\HikariCP\4.0.3\HikariCP-4.0.3.jar;C:\DevelopmentEnvironment\m2\classes\org\springframework\spring-jdbc\5.3.15\spring-jdbc-5.3.15.jar;C:\DevelopmentEnvironment\m2\classes\jakarta\transaction\jakarta.transaction-api\1.3.3\jakarta.transaction-api-1.3.3.jar;C:\DevelopmentEnvironment\m2\classes\jakarta\persistence\jakarta.persistence-api\2.2.3\jakarta.persistence-api-2.2.3.jar;C:\DevelopmentEnvironment\m2\classes\org\hibernate\hibernate-core\5.6.4.Final\hibernate-core-5.6.4.Final.jar;C:\DevelopmentEnvironment\m2\classes\org\jboss\logging\jboss-logging\3.4.3.Final\jboss-logging-3.4.3.Final.jar;C:\DevelopmentEnvironment\m2\classes\net\bytebuddy\byte-buddy\1.11.22\byte-buddy-1.11.22.jar;C:\DevelopmentEnvironment\m2\classes\antlr\antlr\2.7.7\antlr-2.7.7.jar;C:\DevelopmentEnvironment\m2\classes\org\jboss\jandex\2.4.2.Final\jandex-2.4.2.Final.jar;C:\DevelopmentEnvironment\m2\classes\com\fasterxml\classmate\1.5.1\classmate-1.5.1.jar;C:\DevelopmentEnvironment\m2\classes\org\hibernate\common\hibernate-commons-annotations\5.1.2.Final\hibernate-commons-annotations-5.1.2.Final.jar;C:\DevelopmentEnvironment\m2\classes\org\glassfish\jaxb\jaxb-runtime\2.3.5\jaxb-runtime-2.3.5.jar;C:\DevelopmentEnvironment\m2\classes\org\glassfish\jaxb\txw2\2.3.5\txw2-2.3.5.jar;C:\DevelopmentEnvironment\m2\classes\com\sun\istack\istack-commons-runtime\3.0.12\istack-commons-runtime-3.0.12.jar;C:\DevelopmentEnvironment\m2\classes\com\sun\activation\jakarta.activation\1.2.2\jakarta.activation-1.2.2.jar;C:\DevelopmentEnvironment\m2\classes\org\springframework\data\spring-data-jpa\2.6.1\spring-data-jpa-2.6.1.jar;C:\DevelopmentEnvironment\m2\classes\org\springframework\data\spring-data-commons\2.6.1\spring-data-commons-2.6.1.jar;C:\DevelopmentEnvironment\m2\classes\org\springframework\spring-orm\5.3.15\spring-orm-5.3.15.jar;C:\DevelopmentEnvironment\m2\classes\org\springframework\spring-tx\5.3.15\spring-tx-5.3.15.jar;C:\DevelopmentEnvironment\m2\classes\org\slf4j\slf4j-api\1.7.33\slf4j-api-1.7.33.jar;C:\DevelopmentEnvironment\m2\classes\org\springframework\spring-aspects\5.3.15\spring-aspects-5.3.15.jar;C:\DevelopmentEnvironment\m2\classes\com\h2database\h2\1.4.200\h2-1.4.200.jar;C:\DevelopmentEnvironment\m2\classes\org\springframework\boot\spring-boot-starter-test\2.6.3\spring-boot-starter-test-2.6.3.jar;C:\DevelopmentEnvironment\m2\classes\org\springframework\boot\spring-boot-test\2.6.3\spring-boot-test-2.6.3.jar;C:\DevelopmentEnvironment\m2\classes\org\springframework\boot\spring-boot-test-autoconfigure\2.6.3\spring-boot-test-autoconfigure-2.6.3.jar;C:\DevelopmentEnvironment\m2\classes\com\jayway\jsonpath\json-path\2.6.0\json-path-2.6.0.jar;C:\DevelopmentEnvironment\m2\classes\net\minidev\json-smart\2.4.7\json-smart-2.4.7.jar;C:\DevelopmentEnvironment\m2\classes\net\minidev\accessors-smart\2.4.7\accessors-smart-2.4.7.jar;C:\DevelopmentEnvironment\m2\classes\org\ow2\asm\asm\9.1\asm-9.1.jar;C:\DevelopmentEnvironment\m2\classes\jakarta\xml\bind\jakarta.xml.bind-api\2.3.3\jakarta.xml.bind-api-2.3.3.jar;C:\DevelopmentEnvironment\m2\classes\jakarta\activation\jakarta.activation-api\1.2.2\jakarta.activation-api-1.2.2.jar;C:\DevelopmentEnvironment\m2\classes\org\assertj\assertj-core\3.21.0\assertj-core-3.21.0.jar;C:\DevelopmentEnvironment\m2\classes\org\hamcrest\hamcrest\2.2\hamcrest-2.2.jar;C:\DevelopmentEnvironment\m2\classes\org\junit\jupiter\junit-jupiter\5.8.2\junit-jupiter-5.8.2.jar;C:\DevelopmentEnvironment\m2\classes\org\junit\jupiter\junit-jupiter-params\5.8.2\junit-jupiter-params-5.8.2.jar;C:\DevelopmentEnvironment\m2\classes\org\mockito\mockito-core\4.0.0\mockito-core-4.0.0.jar;C:\DevelopmentEnvironment\m2\classes\net\bytebuddy\byte-buddy-agent\1.11.22\byte-buddy-agent-1.11.22.jar;C:\DevelopmentEnvironment\m2\classes\org\objenesis\objenesis\3.2\objenesis-3.2.jar;C:\DevelopmentEnvironment\m2\classes\org\mockito\mockito-junit-jupiter\4.0.0\mockito-junit-jupiter-4.0.0.jar;C:\DevelopmentEnvironment\m2\classes\org\skyscreamer\jsonassert\1.5.0\jsonassert-1.5.0.jar;C:\DevelopmentEnvironment\m2\classes\com\vaadin\external\google\android-json\0.0.20131108.vaadin1\android-json-0.0.20131108.vaadin1.jar;C:\DevelopmentEnvironment\m2\classes\org\springframework\spring-core\5.3.15\spring-core-5.3.15.jar;C:\DevelopmentEnvironment\m2\classes\org\springframework\spring-jcl\5.3.15\spring-jcl-5.3.15.jar;C:\DevelopmentEnvironment\m2\classes\org\springframework\spring-test\5.3.15\spring-test-5.3.15.jar;C:\DevelopmentEnvironment\m2\classes\org\xmlunit\xmlunit-core\2.8.4\xmlunit-core-2.8.4.jar;C:\DevelopmentEnvironment\m2\classes\org\junit\jupiter\junit-jupiter-api\5.8.2\junit-jupiter-api-5.8.2.jar;C:\DevelopmentEnvironment\m2\classes\org\opentest4j\opentest4j\1.2.0\opentest4j-1.2.0.jar;C:\DevelopmentEnvironment\m2\classes\org\junit\platform\junit-platform-commons\1.8.2\junit-platform-commons-1.8.2.jar;C:\DevelopmentEnvironment\m2\classes\org\apiguardian\apiguardian-api\1.1.2\apiguardian-api-1.1.2.jar;C:\DevelopmentEnvironment\m2\classes\org\junit\jupiter\junit-jupiter-engine\5.8.2\junit-jupiter-engine-5.8.2.jar;C:\DevelopmentEnvironment\m2\classes\org\junit\platform\junit-platform-engine\1.8.2\junit-platform-engine-1.8.2.jar;C:\DevelopmentEnvironment\m2\classes\io\rest-assured\rest-assured\4.4.0\rest-assured-4.4.0.jar;C:\DevelopmentEnvironment\m2\classes\org\codehaus\groovy\groovy\3.0.9\groovy-3.0.9.jar;C:\DevelopmentEnvironment\m2\classes\org\codehaus\groovy\groovy-xml\3.0.9\groovy-xml-3.0.9.jar;C:\DevelopmentEnvironment\m2\classes\org\apache\httpcomponents\httpclient\4.5.13\httpclient-4.5.13.jar;C:\DevelopmentEnvironment\m2\classes\org\apache\httpcomponents\httpcore\4.4.15\httpcore-4.4.15.jar;C:\DevelopmentEnvironment\m2\classes\commons-codec\commons-codec\1.15\commons-codec-1.15.jar;C:\DevelopmentEnvironment\m2\classes\org\apache\httpcomponents\httpmime\4.5.13\httpmime-4.5.13.jar;C:\DevelopmentEnvironment\m2\classes\org\ccil\cowan\tagsoup\tagsoup\1.2.1\tagsoup-1.2.1.jar;C:\DevelopmentEnvironment\m2\classes\io\rest-assured\json-path\4.4.0\json-path-4.4.0.jar;C:\DevelopmentEnvironment\m2\classes\org\codehaus\groovy\groovy-json\3.0.9\groovy-json-3.0.9.jar;C:\DevelopmentEnvironment\m2\classes\io\rest-assured\rest-assured-common\4.4.0\rest-assured-common-4.4.0.jar;C:\DevelopmentEnvironment\m2\classes\io\rest-assured\xml-path\4.4.0\xml-path-4.4.0.jar;C:\DevelopmentEnvironment\m2\classes\org\apache\commons\commons-lang3\3.12.0\commons-lang3-3.12.0.jar;C:\DevelopmentEnvironment\m2\classes\com\sun\xml\bind\jaxb-impl\2.3.3\jaxb-impl-2.3.3.jar;"/>
    <property name="java.vm.vendor" value="Oracle Corporation"/>
    <property name="sun.arch.data.model" value="64"/>
    <property name="user.variant" value=""/>
    <property name="java.vendor.url" value="https://java.oracle.com/"/>
    <property name="user.timezone" value="Europe/Madrid"/>
    <property name="os.name" value="Windows 10"/>
    <property name="java.vm.specification.version" value="15"/>
    <property name="sun.java.launcher" value="SUN_STANDARD"/>
    <property name="user.country" value="ES"/>
    <property name="sun.boot.library.path" value="C:\Program Files\Java\jdk-15.0.2\bin"/>
    <property name="sun.java.command" value="C:\Users\Daniel\AppData\Local\Temp\surefire15070563027961284828\surefirebooter7887737375961598130.jar C:\Users\Daniel\AppData\Local\Temp\surefire15070563027961284828 2022-03-14T16-54-53_826-jvmRun1 surefire11333600313238047326tmp surefire_014133840838146573235tmp"/>
    <property name="jdk.debug" value="release"/>
    <property name="surefire.test.class.path" value="C:\Clases\Alejandro\AIS-Practica-1-2022-enunciado\target\test-classes;C:\Clases\Alejandro\AIS-Practica-1-2022-enunciado\target\classes;C:\DevelopmentEnvironment\m2\classes\org\springframework\boot\spring-boot-starter-web\2.6.3\spring-boot-starter-web-2.6.3.jar;C:\DevelopmentEnvironment\m2\classes\org\springframework\boot\spring-boot-starter\2.6.3\spring-boot-starter-2.6.3.jar;C:\DevelopmentEnvironment\m2\classes\org\springframework\boot\spring-boot-starter-logging\2.6.3\spring-boot-starter-logging-2.6.3.jar;C:\DevelopmentEnvironment\m2\classes\ch\qos\logback\logback-classic\1.2.10\logback-classic-1.2.10.jar;C:\DevelopmentEnvironment\m2\classes\ch\qos\logback\logback-core\1.2.10\logback-core-1.2.10.jar;C:\DevelopmentEnvironment\m2\classes\org\apache\logging\log4j\log4j-to-slf4j\2.17.1\log4j-to-slf4j-2.17.1.jar;C:\DevelopmentEnvironment\m2\classes\org\apache\logging\log4j\log4j-api\2.17.1\log4j-api-2.17.1.jar;C:\DevelopmentEnvironment\m2\classes\org\slf4j\jul-to-slf4j\1.7.33\jul-to-slf4j-1.7.33.jar;C:\DevelopmentEnvironment\m2\classes\jakarta\annotation\jakarta.annotation-api\1.3.5\jakarta.annotation-api-1.3.5.jar;C:\DevelopmentEnvironment\m2\classes\org\yaml\snakeyaml\1.29\snakeyaml-1.29.jar;C:\DevelopmentEnvironment\m2\classes\org\springframework\boot\spring-boot-starter-json\2.6.3\spring-boot-starter-json-2.6.3.jar;C:\DevelopmentEnvironment\m2\classes\com\fasterxml\jackson\core\jackson-databind\2.13.1\jackson-databind-2.13.1.jar;C:\DevelopmentEnvironment\m2\classes\com\fasterxml\jackson\core\jackson-annotations\2.13.1\jackson-annotations-2.13.1.jar;C:\DevelopmentEnvironment\m2\classes\com\fasterxml\jackson\core\jackson-core\2.13.1\jackson-core-2.13.1.jar;C:\DevelopmentEnvironment\m2\classes\com\fasterxml\jackson\datatype\jackson-datatype-jdk8\2.13.1\jackson-datatype-jdk8-2.13.1.jar;C:\DevelopmentEnvironment\m2\classes\com\fasterxml\jackson\datatype\jackson-datatype-jsr310\2.13.1\jackson-datatype-jsr310-2.13.1.jar;C:\DevelopmentEnvironment\m2\classes\com\fasterxml\jackson\module\jackson-module-parameter-names\2.13.1\jackson-module-parameter-names-2.13.1.jar;C:\DevelopmentEnvironment\m2\classes\org\springframework\boot\spring-boot-starter-tomcat\2.6.3\spring-boot-starter-tomcat-2.6.3.jar;C:\DevelopmentEnvironment\m2\classes\org\apache\tomcat\embed\tomcat-embed-core\9.0.56\tomcat-embed-core-9.0.56.jar;C:\DevelopmentEnvironment\m2\classes\org\apache\tomcat\embed\tomcat-embed-el\9.0.56\tomcat-embed-el-9.0.56.jar;C:\DevelopmentEnvironment\m2\classes\org\apache\tomcat\embed\tomcat-embed-websocket\9.0.56\tomcat-embed-websocket-9.0.56.jar;C:\DevelopmentEnvironment\m2\classes\org\springframework\spring-web\5.3.15\spring-web-5.3.15.jar;C:\DevelopmentEnvironment\m2\classes\org\springframework\spring-beans\5.3.15\spring-beans-5.3.15.jar;C:\DevelopmentEnvironment\m2\classes\org\springframework\spring-webmvc\5.3.15\spring-webmvc-5.3.15.jar;C:\DevelopmentEnvironment\m2\classes\org\springframework\spring-aop\5.3.15\spring-aop-5.3.15.jar;C:\DevelopmentEnvironment\m2\classes\org\springframework\spring-context\5.3.15\spring-context-5.3.15.jar;C:\DevelopmentEnvironment\m2\classes\org\springframework\spring-expression\5.3.15\spring-expression-5.3.15.jar;C:\DevelopmentEnvironment\m2\classes\org\springframework\boot\spring-boot-starter-mustache\2.6.3\spring-boot-starter-mustache-2.6.3.jar;C:\DevelopmentEnvironment\m2\classes\com\samskivert\jmustache\1.15\jmustache-1.15.jar;C:\DevelopmentEnvironment\m2\classes\org\springframework\boot\spring-boot-devtools\2.6.3\spring-boot-devtools-2.6.3.jar;C:\DevelopmentEnvironment\m2\classes\org\springframework\boot\spring-boot\2.6.3\spring-boot-2.6.3.jar;C:\DevelopmentEnvironment\m2\classes\org\springframework\boot\spring-boot-autoconfigure\2.6.3\spring-boot-autoconfigure-2.6.3.jar;C:\DevelopmentEnvironment\m2\classes\org\springframework\boot\spring-boot-starter-data-jpa\2.6.3\spring-boot-starter-data-jpa-2.6.3.jar;C:\DevelopmentEnvironment\m2\classes\org\springframework\boot\spring-boot-starter-aop\2.6.3\spring-boot-starter-aop-2.6.3.jar;C:\DevelopmentEnvironment\m2\classes\org\aspectj\aspectjweaver\1.9.7\aspectjweaver-1.9.7.jar;C:\DevelopmentEnvironment\m2\classes\org\springframework\boot\spring-boot-starter-jdbc\2.6.3\spring-boot-starter-jdbc-2.6.3.jar;C:\DevelopmentEnvironment\m2\classes\com\zaxxer\HikariCP\4.0.3\HikariCP-4.0.3.jar;C:\DevelopmentEnvironment\m2\classes\org\springframework\spring-jdbc\5.3.15\spring-jdbc-5.3.15.jar;C:\DevelopmentEnvironment\m2\classes\jakarta\transaction\jakarta.transaction-api\1.3.3\jakarta.transaction-api-1.3.3.jar;C:\DevelopmentEnvironment\m2\classes\jakarta\persistence\jakarta.persistence-api\2.2.3\jakarta.persistence-api-2.2.3.jar;C:\DevelopmentEnvironment\m2\classes\org\hibernate\hibernate-core\5.6.4.Final\hibernate-core-5.6.4.Final.jar;C:\DevelopmentEnvironment\m2\classes\org\jboss\logging\jboss-logging\3.4.3.Final\jboss-logging-3.4.3.Final.jar;C:\DevelopmentEnvironment\m2\classes\net\bytebuddy\byte-buddy\1.11.22\byte-buddy-1.11.22.jar;C:\DevelopmentEnvironment\m2\classes\antlr\antlr\2.7.7\antlr-2.7.7.jar;C:\DevelopmentEnvironment\m2\classes\org\jboss\jandex\2.4.2.Final\jandex-2.4.2.Final.jar;C:\DevelopmentEnvironment\m2\classes\com\fasterxml\classmate\1.5.1\classmate-1.5.1.jar;C:\DevelopmentEnvironment\m2\classes\org\hibernate\common\hibernate-commons-annotations\5.1.2.Final\hibernate-commons-annotations-5.1.2.Final.jar;C:\DevelopmentEnvironment\m2\classes\org\glassfish\jaxb\jaxb-runtime\2.3.5\jaxb-runtime-2.3.5.jar;C:\DevelopmentEnvironment\m2\classes\org\glassfish\jaxb\txw2\2.3.5\txw2-2.3.5.jar;C:\DevelopmentEnvironment\m2\classes\com\sun\istack\istack-commons-runtime\3.0.12\istack-commons-runtime-3.0.12.jar;C:\DevelopmentEnvironment\m2\classes\com\sun\activation\jakarta.activation\1.2.2\jakarta.activation-1.2.2.jar;C:\DevelopmentEnvironment\m2\classes\org\springframework\data\spring-data-jpa\2.6.1\spring-data-jpa-2.6.1.jar;C:\DevelopmentEnvironment\m2\classes\org\springframework\data\spring-data-commons\2.6.1\spring-data-commons-2.6.1.jar;C:\DevelopmentEnvironment\m2\classes\org\springframework\spring-orm\5.3.15\spring-orm-5.3.15.jar;C:\DevelopmentEnvironment\m2\classes\org\springframework\spring-tx\5.3.15\spring-tx-5.3.15.jar;C:\DevelopmentEnvironment\m2\classes\org\slf4j\slf4j-api\1.7.33\slf4j-api-1.7.33.jar;C:\DevelopmentEnvironment\m2\classes\org\springframework\spring-aspects\5.3.15\spring-aspects-5.3.15.jar;C:\DevelopmentEnvironment\m2\classes\com\h2database\h2\1.4.200\h2-1.4.200.jar;C:\DevelopmentEnvironment\m2\classes\org\springframework\boot\spring-boot-starter-test\2.6.3\spring-boot-starter-test-2.6.3.jar;C:\DevelopmentEnvironment\m2\classes\org\springframework\boot\spring-boot-test\2.6.3\spring-boot-test-2.6.3.jar;C:\DevelopmentEnvironment\m2\classes\org\springframework\boot\spring-boot-test-autoconfigure\2.6.3\spring-boot-test-autoconfigure-2.6.3.jar;C:\DevelopmentEnvironment\m2\classes\com\jayway\jsonpath\json-path\2.6.0\json-path-2.6.0.jar;C:\DevelopmentEnvironment\m2\classes\net\minidev\json-smart\2.4.7\json-smart-2.4.7.jar;C:\DevelopmentEnvironment\m2\classes\net\minidev\accessors-smart\2.4.7\accessors-smart-2.4.7.jar;C:\DevelopmentEnvironment\m2\classes\org\ow2\asm\asm\9.1\asm-9.1.jar;C:\DevelopmentEnvironment\m2\classes\jakarta\xml\bind\jakarta.xml.bind-api\2.3.3\jakarta.xml.bind-api-2.3.3.jar;C:\DevelopmentEnvironment\m2\classes\jakarta\activation\jakarta.activation-api\1.2.2\jakarta.activation-api-1.2.2.jar;C:\DevelopmentEnvironment\m2\classes\org\assertj\assertj-core\3.21.0\assertj-core-3.21.0.jar;C:\DevelopmentEnvironment\m2\classes\org\hamcrest\hamcrest\2.2\hamcrest-2.2.jar;C:\DevelopmentEnvironment\m2\classes\org\junit\jupiter\junit-jupiter\5.8.2\junit-jupiter-5.8.2.jar;C:\DevelopmentEnvironment\m2\classes\org\junit\jupiter\junit-jupiter-params\5.8.2\junit-jupiter-params-5.8.2.jar;C:\DevelopmentEnvironment\m2\classes\org\mockito\mockito-core\4.0.0\mockito-core-4.0.0.jar;C:\DevelopmentEnvironment\m2\classes\net\bytebuddy\byte-buddy-agent\1.11.22\byte-buddy-agent-1.11.22.jar;C:\DevelopmentEnvironment\m2\classes\org\objenesis\objenesis\3.2\objenesis-3.2.jar;C:\DevelopmentEnvironment\m2\classes\org\mockito\mockito-junit-jupiter\4.0.0\mockito-junit-jupiter-4.0.0.jar;C:\DevelopmentEnvironment\m2\classes\org\skyscreamer\jsonassert\1.5.0\jsonassert-1.5.0.jar;C:\DevelopmentEnvironment\m2\classes\com\vaadin\external\google\android-json\0.0.20131108.vaadin1\android-json-0.0.20131108.vaadin1.jar;C:\DevelopmentEnvironment\m2\classes\org\springframework\spring-core\5.3.15\spring-core-5.3.15.jar;C:\DevelopmentEnvironment\m2\classes\org\springframework\spring-jcl\5.3.15\spring-jcl-5.3.15.jar;C:\DevelopmentEnvironment\m2\classes\org\springframework\spring-test\5.3.15\spring-test-5.3.15.jar;C:\DevelopmentEnvironment\m2\classes\org\xmlunit\xmlunit-core\2.8.4\xmlunit-core-2.8.4.jar;C:\DevelopmentEnvironment\m2\classes\org\junit\jupiter\junit-jupiter-api\5.8.2\junit-jupiter-api-5.8.2.jar;C:\DevelopmentEnvironment\m2\classes\org\opentest4j\opentest4j\1.2.0\opentest4j-1.2.0.jar;C:\DevelopmentEnvironment\m2\classes\org\junit\platform\junit-platform-commons\1.8.2\junit-platform-commons-1.8.2.jar;C:\DevelopmentEnvironment\m2\classes\org\apiguardian\apiguardian-api\1.1.2\apiguardian-api-1.1.2.jar;C:\DevelopmentEnvironment\m2\classes\org\junit\jupiter\junit-jupiter-engine\5.8.2\junit-jupiter-engine-5.8.2.jar;C:\DevelopmentEnvironment\m2\classes\org\junit\platform\junit-platform-engine\1.8.2\junit-platform-engine-1.8.2.jar;C:\DevelopmentEnvironment\m2\classes\io\rest-assured\rest-assured\4.4.0\rest-assured-4.4.0.jar;C:\DevelopmentEnvironment\m2\classes\org\codehaus\groovy\groovy\3.0.9\groovy-3.0.9.jar;C:\DevelopmentEnvironment\m2\classes\org\codehaus\groovy\groovy-xml\3.0.9\groovy-xml-3.0.9.jar;C:\DevelopmentEnvironment\m2\classes\org\apache\httpcomponents\httpclient\4.5.13\httpclient-4.5.13.jar;C:\DevelopmentEnvironment\m2\classes\org\apache\httpcomponents\httpcore\4.4.15\httpcore-4.4.15.jar;C:\DevelopmentEnvironment\m2\classes\commons-codec\commons-codec\1.15\commons-codec-1.15.jar;C:\DevelopmentEnvironment\m2\classes\org\apache\httpcomponents\httpmime\4.5.13\httpmime-4.5.13.jar;C:\DevelopmentEnvironment\m2\classes\org\ccil\cowan\tagsoup\tagsoup\1.2.1\tagsoup-1.2.1.jar;C:\DevelopmentEnvironment\m2\classes\io\rest-assured\json-path\4.4.0\json-path-4.4.0.jar;C:\DevelopmentEnvironment\m2\classes\org\codehaus\groovy\groovy-json\3.0.9\groovy-json-3.0.9.jar;C:\DevelopmentEnvironment\m2\classes\io\rest-assured\rest-assured-common\4.4.0\rest-assured-common-4.4.0.jar;C:\DevelopmentEnvironment\m2\classes\io\rest-assured\xml-path\4.4.0\xml-path-4.4.0.jar;C:\DevelopmentEnvironment\m2\classes\org\apache\commons\commons-lang3\3.12.0\commons-lang3-3.12.0.jar;C:\DevelopmentEnvironment\m2\classes\com\sun\xml\bind\jaxb-impl\2.3.3\jaxb-impl-2.3.3.jar;"/>
    <property name="sun.cpu.endian" value="little"/>
    <property name="user.home" value="C:\Users\Daniel"/>
    <property name="user.language" value="es"/>
    <property name="java.specification.vendor" value="Oracle Corporation"/>
    <property name="java.version.date" value="2021-01-19"/>
    <property name="java.home" value="C:\Program Files\Java\jdk-15.0.2"/>
    <property name="file.separator" value="\"/>
    <property name="style.color" value="always"/>
    <property name="basedir" value="C:\Clases\Alejandro\AIS-Practica-1-2022-enunciado"/>
    <property name="java.vm.compressedOopsMode" value="Zero based"/>
    <property name="line.separator" value="&#10;"/>
    <property name="java.vm.specification.vendor" value="Oracle Corporation"/>
    <property name="java.specification.name" value="Java Platform API Specification"/>
    <property name="surefire.real.class.path" value="C:\Users\Daniel\AppData\Local\Temp\surefire15070563027961284828\surefirebooter7887737375961598130.jar"/>
    <property name="user.script" value=""/>
    <property name="sun.management.compiler" value="HotSpot 64-Bit Tiered Compilers"/>
    <property name="java.runtime.version" value="15.0.2+7-27"/>
    <property name="user.name" value="Daniel"/>
    <property name="path.separator" value=";"/>
    <property name="os.version" value="10.0"/>
    <property name="java.runtime.name" value="Java(TM) SE Runtime Environment"/>
    <property name="file.encoding" value="Cp1252"/>
    <property name="java.vm.name" value="Java HotSpot(TM) 64-Bit Server VM"/>
    <property name="localRepository" value="C:\DevelopmentEnvironment\m2\classes"/>
    <property name="java.vendor.url.bug" value="https://bugreport.java.com/bugreport/"/>
    <property name="java.io.tmpdir" value="C:\Users\Daniel\AppData\Local\Temp\"/>
    <property name="java.version" value="15.0.2"/>
    <property name="user.dir" value="C:\Clases\Alejandro\AIS-Practica-1-2022-enunciado"/>
    <property name="os.arch" value="amd64"/>
    <property name="java.vm.specification.name" value="Java Virtual Machine Specification"/>
    <property name="sun.os.patch.level" value=""/>
    <property name="java.library.path" value="C:\Program Files\Java\jdk-15.0.2\bin;C:\WINDOWS\Sun\Java\bin;C:\WINDOWS\system32;C:\WINDOWS;C:/DevelopmentEnvironment/Eclipse/sts-4.11.0.RELEASE//plugins/org.eclipse.justj.openjdk.hotspot.jre.full.win32.x86_64_16.0.1.v20210528-1205/jre/bin/server;C:/DevelopmentEnvironment/Eclipse/sts-4.11.0.RELEASE//plugins/org.eclipse.justj.openjdk.hotspot.jre.full.win32.x86_64_16.0.1.v20210528-1205/jre/bin;C:\Program Files\Common Files\Oracle\Java\javapath;C:\Portable\WINDOWS.X64_193000_db_home\bin;C:\Program Files\Microsoft MPI\Bin\;C:\Program Files (x86)\Common Files\Oracle\Java\javapath;C:\Program Files (x86)\Intel\iCLS Client\;C:\Program Files\Intel\iCLS Client\;C:\WINDOWS\system32;C:\WINDOWS;C:\WINDOWS\System32\Wbem;C:\WINDOWS\System32\WindowsPowerShell\v1.0\;C:\Program Files (x86)\Intel\Intel(R) Management Engine Components\DAL;C:\Program Files\Intel\Intel(R) Management Engine Components\DAL;C:\Program Files (x86)\Intel\Intel(R) Management Engine Components\IPT;C:\Program Files\Intel\Intel(R) Management Engine Components\IPT;C:\Program Files (x86)\HP\HP Performance Advisor;C:\Program Files (x86)\Microsoft SQL Server\140\Tools\Binn\;C:\Program Files\Microsoft SQL Server\140\Tools\Binn\;C:\Program Files\Microsoft SQL Server\140\DTS\Binn\;C:\Program Files\Microsoft SQL Server\Client SDK\ODBC\130\Tools\Binn\;C:\Program Files (x86)\Microsoft SQL Server\140\DTS\Binn\;C:\Program Files (x86)\Microsoft SQL Server\Client SDK\ODBC\130\Tools\Binn\;C:\Program Files (x86)\Microsoft SQL Server\140\Tools\Binn\ManagementStudio\;C:\Program Files\Git\cmd;C:\Program Files\dotnet\;C:\WINDOWS\System32\OpenSSH\;C:\Program Files\Intel\WiFi\bin\;C:\Program Files\Common Files\Intel\WirelessCommon\;C:\Program Files\Microsoft VS Code\bin;C:\Program Files\Docker\Docker\resources\bin;C:\ProgramData\DockerDesktop\version-bin;C:\Program Files (x86)\Tesseract-OCR;C:\Portable\gradle-6.6.1\bin;C:\Program Files\Microsoft SQL Server\Client SDK\ODBC\170\Tools\Binn\;C:\Program Files (x86)\Microsoft SQL Server\150\Tools\Binn\;C:\Program Files\Microsoft SQL Server\150\Tools\Binn\;C:\Program Files\Microsoft SQL Server\150\DTS\Binn\;C:\xampp\php;C:\ProgramData\ComposerSetup\bin;C:\Program Files\nodejs\;C:\Program Files\R\R-4.1.2\bin\x64;C:\Users\Daniel\AppData\Local\Microsoft\WindowsApps;C:\Program Files\Microsoft VS Code\bin;C:\Portable\apache-maven-3.6.2\bin;C:\Users\Daniel\AppData\Local\Tesseract-OCR;C:\Program Files\MongoDB\Server\3.2\bin;C:\Program Files\heroku\bin;C:\Users\Daniel\AppData\Roaming\Composer\vendor\bin;C:\Users\Daniel\AppData\Roaming\npm;C:\Portable\gp542-win64-mingw\gnuplot\bin;C:\Users\Daniel\.dotnet\tools;C:\Program Files\R\R-4.1.2\bin\x64;;C:\DevelopmentEnvironment\Eclipse\sts-4.11.0.RELEASE;;."/>
    <property name="java.vm.info" value="mixed mode, sharing"/>
    <property name="java.vendor" value="Oracle Corporation"/>
    <property name="java.vm.version" value="15.0.2+7-27"/>
    <property name="sun.io.unicode.encoding" value="UnicodeLittle"/>
    <property name="java.class.version" value="59.0"/>
  </properties>
  <testcase name="saveTest" classname="es.codeurjc.ais.nitflex.film.FilmServiceTest" time="0.038"/>
  <testcase name="getAllFilmTest" classname="es.codeurjc.ais.nitflex.film.FilmServiceTest" time="0.006"/>
  <testcase name="deleteTest" classname="es.codeurjc.ais.nitflex.film.FilmServiceTest" time="0.008"/>
</testsuite>